<?xml version="1.0" encoding="UTF-8"?>
<!-- Generated by org.testng.reporters.JUnitXMLReporter -->
<testsuite hostname="apple1" ignored="6" name="Akkadu application Smoke test" tests="1" failures="1" timestamp="06 Jul 2020 11:56:28 GMT" time="73.642" errors="0">
  <testcase name="loginToAkkaduAppTest" time="46.367" classname="com.akkadu.qa.uitests.SmokeTest">
    <failure type="org.openqa.selenium.NoSuchElementException" message="no such element: Unable to locate element: {&amp;quot;method&amp;quot;:&amp;quot;xpath&amp;quot;,&amp;quot;selector&amp;quot;:&amp;quot;//span[contains(text(),&amp;apos;Create Event&amp;apos;)]&amp;quot;}
  (Session info: chrome=83.0.4103.116)
For documentation on this error, please visit: https://www.seleniumhq.org/exceptions/no_such_element.html
Build info: version: &amp;apos;3.141.59&amp;apos;, revision: &amp;apos;e82be7d358&amp;apos;, time: &amp;apos;2018-11-14T08:17:03&amp;apos;
System info: host: &amp;apos;apple1&amp;apos;, ip: &amp;apos;192.168.43.37&amp;apos;, os.name: &amp;apos;Mac OS X&amp;apos;, os.arch: &amp;apos;x86_64&amp;apos;, os.version: &amp;apos;10.12.6&amp;apos;, java.version: &amp;apos;1.8.0_251&amp;apos;
Driver info: org.openqa.selenium.chrome.ChromeDriver
Capabilities {acceptInsecureCerts: false, browserName: chrome, browserVersion: 83.0.4103.116, chrome: {chromedriverVersion: 83.0.4103.39 (ccbf011cb2d2b..., userDataDir: /var/folders/qy/_b96qbk167x...}, goog:chromeOptions: {debuggerAddress: localhost:51059}, javascriptEnabled: true, networkConnectionEnabled: false, pageLoadStrategy: normal, platform: MAC, platformName: MAC, proxy: Proxy(), setWindowRect: true, strictFileInteractability: false, timeouts: {implicit: 0, pageLoad: 300000, script: 30000}, unhandledPromptBehavior: dismiss and notify, webauthn:virtualAuthenticators: true}
Session ID: c445667f66baeae95fa1e37507eb8241
*** Element info: {Using=xpath, value=//span[contains(text(),&amp;apos;Create Event&amp;apos;)]}">
      <![CDATA[org.openqa.selenium.NoSuchElementException: no such element: Unable to locate element: {"method":"xpath","selector":"//span[contains(text(),'Create Event')]"}
  (Session info: chrome=83.0.4103.116)
For documentation on this error, please visit: https://www.seleniumhq.org/exceptions/no_such_element.html
Build info: version: '3.141.59', revision: 'e82be7d358', time: '2018-11-14T08:17:03'
System info: host: 'apple1', ip: '192.168.43.37', os.name: 'Mac OS X', os.arch: 'x86_64', os.version: '10.12.6', java.version: '1.8.0_251'
Driver info: org.openqa.selenium.chrome.ChromeDriver
Capabilities {acceptInsecureCerts: false, browserName: chrome, browserVersion: 83.0.4103.116, chrome: {chromedriverVersion: 83.0.4103.39 (ccbf011cb2d2b..., userDataDir: /var/folders/qy/_b96qbk167x...}, goog:chromeOptions: {debuggerAddress: localhost:51059}, javascriptEnabled: true, networkConnectionEnabled: false, pageLoadStrategy: normal, platform: MAC, platformName: MAC, proxy: Proxy(), setWindowRect: true, strictFileInteractability: false, timeouts: {implicit: 0, pageLoad: 300000, script: 30000}, unhandledPromptBehavior: dismiss and notify, webauthn:virtualAuthenticators: true}
Session ID: c445667f66baeae95fa1e37507eb8241
*** Element info: {Using=xpath, value=//span[contains(text(),'Create Event')]}
at org.openqa.selenium.remote.http.W3CHttpResponseCodec.createException(W3CHttpResponseCodec.java:187)
at org.openqa.selenium.remote.http.W3CHttpResponseCodec.decode(W3CHttpResponseCodec.java:122)
at org.openqa.selenium.remote.http.W3CHttpResponseCodec.decode(W3CHttpResponseCodec.java:49)
at org.openqa.selenium.remote.HttpCommandExecutor.execute(HttpCommandExecutor.java:158)
at org.openqa.selenium.remote.service.DriverCommandExecutor.execute(DriverCommandExecutor.java:83)
at org.openqa.selenium.remote.RemoteWebDriver.execute(RemoteWebDriver.java:552)
at org.openqa.selenium.remote.RemoteWebDriver.findElement(RemoteWebDriver.java:323)
at org.openqa.selenium.remote.RemoteWebDriver.findElementByXPath(RemoteWebDriver.java:428)
at org.openqa.selenium.By$ByXPath.findElement(By.java:353)
at org.openqa.selenium.remote.RemoteWebDriver.findElement(RemoteWebDriver.java:315)
at com.akkadu.qa.base.BasePage.isElementPresent(BasePage.java:644)
at com.akkadu.qa.pages.DashboardPage.verifyHomePageAfterLogin(DashboardPage.java:316)
at com.akkadu.qa.uitests.SmokeTest.loginToAkkaduAppTest(SmokeTest.java:34)
at java.util.concurrent.ThreadPoolExecutor.runWorker(ThreadPoolExecutor.java:1149)
at java.util.concurrent.ThreadPoolExecutor$Worker.run(ThreadPoolExecutor.java:624)
at java.lang.Thread.run(Thread.java:748)
... Removed 13 stack frames]]>
    </failure>
  </testcase> <!-- loginToAkkaduAppTest -->
  <testcase name="verifyToEditEventTest" time="0.0" classname="com.akkadu.qa.uitests.SmokeTest">
    <ignored/>
  </testcase> <!-- verifyToEditEventTest -->
  <testcase name="verifyToStreamingOnBroadcast" time="0.0" classname="com.akkadu.qa.uitests.SmokeTest">
    <ignored/>
  </testcase> <!-- verifyToStreamingOnBroadcast -->
  <testcase name="VerifyToStreamOnBroadcast" time="0.0" classname="com.akkadu.qa.uitests.SmokeTest">
    <ignored/>
  </testcase> <!-- VerifyToStreamOnBroadcast -->
  <testcase name="verifyToCreateEventTest" time="0.0" classname="com.akkadu.qa.uitests.SmokeTest">
    <ignored/>
  </testcase> <!-- verifyToCreateEventTest -->
  <testcase name="signUpToAkkaduAppTest" time="0.0" classname="com.akkadu.qa.uitests.SmokeTest">
    <ignored/>
  </testcase> <!-- signUpToAkkaduAppTest -->
  <testcase name="verifyToManageSpeakersOnEvent" time="0.0" classname="com.akkadu.qa.uitests.SmokeTest">
    <ignored/>
  </testcase> <!-- verifyToManageSpeakersOnEvent -->
</testsuite> <!-- Akkadu application Smoke test -->
