<?xml version="1.0" encoding="UTF-8"?>
<testng-results skipped="0" failed="1" ignored="6" total="7" passed="0">
  <reporter-output>
    <line>
      <![CDATA[<a href= '/Users/urveshpatel/git/Akkadu_Automation/screenshots/loginToAkkaduAppTest2020-07-06-05-26-23.png'target='_blank' ><img src='/Users/urveshpatel/git/Akkadu_Automation/screenshots/loginToAkkaduAppTest2020-07-06-05-26-23.png'>loginToAkkaduAppTest2020-07-06-05-26-23</a>]]>
    </line>
  </reporter-output>
  <suite name="Suite" duration-ms="73642" started-at="2020-07-06T11:55:14Z" finished-at="2020-07-06T11:56:28Z">
    <groups>
    </groups>
    <test name="Akkadu application Smoke test" duration-ms="73642" started-at="2020-07-06T11:55:14Z" finished-at="2020-07-06T11:56:28Z">
      <class name="com.akkadu.qa.uitests.SmokeTest">
        <test-method status="PASS" signature="before()[pri:0, instance:com.akkadu.qa.uitests.SmokeTest@77888435]" name="before" is-config="true" duration-ms="279" started-at="2020-07-06T11:55:14Z" finished-at="2020-07-06T11:55:14Z">
          <reporter-output>
          </reporter-output>
        </test-method> <!-- before -->
        <test-method status="PASS" signature="driversetup()[pri:0, instance:com.akkadu.qa.uitests.SmokeTest@77888435]" name="driversetup" is-config="true" duration-ms="23001" started-at="2020-07-06T11:55:14Z" finished-at="2020-07-06T11:55:37Z">
          <reporter-output>
          </reporter-output>
        </test-method> <!-- driversetup -->
        <test-method status="PASS" signature="initializePages()[pri:0, instance:com.akkadu.qa.uitests.SmokeTest@77888435]" name="initializePages" is-config="true" duration-ms="75" started-at="2020-07-06T11:55:37Z" finished-at="2020-07-06T11:55:37Z">
          <reporter-output>
          </reporter-output>
        </test-method> <!-- initializePages -->
        <test-method status="FAIL" signature="loginToAkkaduAppTest()[pri:0, instance:com.akkadu.qa.uitests.SmokeTest@77888435]" name="loginToAkkaduAppTest" duration-ms="46367" started-at="2020-07-06T11:55:37Z" description="To verify login on Akkadu application" finished-at="2020-07-06T11:56:23Z">
          <exception class="org.openqa.selenium.NoSuchElementException">
            <message>
              <![CDATA[no such element: Unable to locate element: {"method":"xpath","selector":"//span[contains(text(),'Create Event')]"}
  (Session info: chrome=83.0.4103.116)
For documentation on this error, please visit: https://www.seleniumhq.org/exceptions/no_such_element.html
Build info: version: '3.141.59', revision: 'e82be7d358', time: '2018-11-14T08:17:03'
System info: host: 'apple1', ip: '192.168.43.37', os.name: 'Mac OS X', os.arch: 'x86_64', os.version: '10.12.6', java.version: '1.8.0_251'
Driver info: org.openqa.selenium.chrome.ChromeDriver
Capabilities {acceptInsecureCerts: false, browserName: chrome, browserVersion: 83.0.4103.116, chrome: {chromedriverVersion: 83.0.4103.39 (ccbf011cb2d2b..., userDataDir: /var/folders/qy/_b96qbk167x...}, goog:chromeOptions: {debuggerAddress: localhost:51059}, javascriptEnabled: true, networkConnectionEnabled: false, pageLoadStrategy: normal, platform: MAC, platformName: MAC, proxy: Proxy(), setWindowRect: true, strictFileInteractability: false, timeouts: {implicit: 0, pageLoad: 300000, script: 30000}, unhandledPromptBehavior: dismiss and notify, webauthn:virtualAuthenticators: true}
Session ID: c445667f66baeae95fa1e37507eb8241
*** Element info: {Using=xpath, value=//span[contains(text(),'Create Event')]}]]>
            </message>
            <full-stacktrace>
              <![CDATA[org.openqa.selenium.NoSuchElementException: no such element: Unable to locate element: {"method":"xpath","selector":"//span[contains(text(),'Create Event')]"}
  (Session info: chrome=83.0.4103.116)
For documentation on this error, please visit: https://www.seleniumhq.org/exceptions/no_such_element.html
Build info: version: '3.141.59', revision: 'e82be7d358', time: '2018-11-14T08:17:03'
System info: host: 'apple1', ip: '192.168.43.37', os.name: 'Mac OS X', os.arch: 'x86_64', os.version: '10.12.6', java.version: '1.8.0_251'
Driver info: org.openqa.selenium.chrome.ChromeDriver
Capabilities {acceptInsecureCerts: false, browserName: chrome, browserVersion: 83.0.4103.116, chrome: {chromedriverVersion: 83.0.4103.39 (ccbf011cb2d2b..., userDataDir: /var/folders/qy/_b96qbk167x...}, goog:chromeOptions: {debuggerAddress: localhost:51059}, javascriptEnabled: true, networkConnectionEnabled: false, pageLoadStrategy: normal, platform: MAC, platformName: MAC, proxy: Proxy(), setWindowRect: true, strictFileInteractability: false, timeouts: {implicit: 0, pageLoad: 300000, script: 30000}, unhandledPromptBehavior: dismiss and notify, webauthn:virtualAuthenticators: true}
Session ID: c445667f66baeae95fa1e37507eb8241
*** Element info: {Using=xpath, value=//span[contains(text(),'Create Event')]}
at sun.reflect.GeneratedConstructorAccessor20.newInstance(Unknown Source)
at sun.reflect.DelegatingConstructorAccessorImpl.newInstance(DelegatingConstructorAccessorImpl.java:45)
at java.lang.reflect.Constructor.newInstance(Constructor.java:423)
at org.openqa.selenium.remote.http.W3CHttpResponseCodec.createException(W3CHttpResponseCodec.java:187)
at org.openqa.selenium.remote.http.W3CHttpResponseCodec.decode(W3CHttpResponseCodec.java:122)
at org.openqa.selenium.remote.http.W3CHttpResponseCodec.decode(W3CHttpResponseCodec.java:49)
at org.openqa.selenium.remote.HttpCommandExecutor.execute(HttpCommandExecutor.java:158)
at org.openqa.selenium.remote.service.DriverCommandExecutor.execute(DriverCommandExecutor.java:83)
at org.openqa.selenium.remote.RemoteWebDriver.execute(RemoteWebDriver.java:552)
at org.openqa.selenium.remote.RemoteWebDriver.findElement(RemoteWebDriver.java:323)
at org.openqa.selenium.remote.RemoteWebDriver.findElementByXPath(RemoteWebDriver.java:428)
at org.openqa.selenium.By$ByXPath.findElement(By.java:353)
at org.openqa.selenium.remote.RemoteWebDriver.findElement(RemoteWebDriver.java:315)
at com.akkadu.qa.base.BasePage.isElementPresent(BasePage.java:644)
at com.akkadu.qa.pages.DashboardPage.verifyHomePageAfterLogin(DashboardPage.java:316)
at com.akkadu.qa.uitests.SmokeTest.loginToAkkaduAppTest(SmokeTest.java:34)
at sun.reflect.NativeMethodAccessorImpl.invoke0(Native Method)
at sun.reflect.NativeMethodAccessorImpl.invoke(NativeMethodAccessorImpl.java:62)
at sun.reflect.DelegatingMethodAccessorImpl.invoke(DelegatingMethodAccessorImpl.java:43)
at java.lang.reflect.Method.invoke(Method.java:498)
at org.testng.internal.MethodInvocationHelper.invokeMethod(MethodInvocationHelper.java:124)
at org.testng.internal.Invoker.invokeMethod(Invoker.java:583)
at org.testng.internal.Invoker.invokeTestMethod(Invoker.java:719)
at org.testng.internal.Invoker.invokeTestMethods(Invoker.java:989)
at org.testng.internal.TestMethodWorker.invokeTestMethods(TestMethodWorker.java:125)
at org.testng.internal.TestMethodWorker.run(TestMethodWorker.java:109)
at java.util.concurrent.ThreadPoolExecutor.runWorker(ThreadPoolExecutor.java:1149)
at java.util.concurrent.ThreadPoolExecutor$Worker.run(ThreadPoolExecutor.java:624)
at java.lang.Thread.run(Thread.java:748)
]]>
            </full-stacktrace>
          </exception> <!-- org.openqa.selenium.NoSuchElementException -->
          <reporter-output>
          </reporter-output>
        </test-method> <!-- loginToAkkaduAppTest -->
        <test-method status="PASS" signature="afterMainMethod(org.testng.ITestResult)[pri:0, instance:com.akkadu.qa.uitests.SmokeTest@77888435]" name="afterMainMethod" is-config="true" duration-ms="4143" started-at="2020-07-06T11:56:23Z" finished-at="2020-07-06T11:56:28Z">
          <params>
            <param index="0">
              <value>
                <![CDATA[[TestResult name=loginToAkkaduAppTest status=FAILURE method=SmokeTest.loginToAkkaduAppTest()[pri:0, instance:com.akkadu.qa.uitests.SmokeTest@77888435] output={null}]]]>
              </value>
            </param>
          </params>
          <reporter-output>
            <line>
              <![CDATA[<a href= '/Users/urveshpatel/git/Akkadu_Automation/screenshots/loginToAkkaduAppTest2020-07-06-05-26-23.png'target='_blank' ><img src='/Users/urveshpatel/git/Akkadu_Automation/screenshots/loginToAkkaduAppTest2020-07-06-05-26-23.png'>loginToAkkaduAppTest2020-07-06-05-26-23</a>]]>
            </line>
          </reporter-output>
        </test-method> <!-- afterMainMethod -->
        <test-method status="PASS" signature="tearDownSuite()[pri:0, instance:com.akkadu.qa.uitests.SmokeTest@77888435]" name="tearDownSuite" is-config="true" duration-ms="6443" started-at="2020-07-06T11:56:28Z" finished-at="2020-07-06T11:56:34Z">
          <reporter-output>
          </reporter-output>
        </test-method> <!-- tearDownSuite -->
      </class> <!-- com.akkadu.qa.uitests.SmokeTest -->
    </test> <!-- Akkadu application Smoke test -->
  </suite> <!-- Suite -->
</testng-results>
